This is pdfeTeX, Version 3.141592-1.30.6-2.2 (MiKTeX 2.5) (preloaded format=latex 2007.1.29)  12 APR 2007 09:57
entering extended mode
**moderncvstyleclassic.sty
(moderncvstyleclassic.sty
LaTeX2e <2005/12/01>
Babel <v3.8g> and hyphenation patterns for english, dumylang, nohyphenation, ge
rman, ngerman, french, loaded.

LaTeX Warning: You have requested package `',
               but the package provides `moderncvstyleclassic'.

Package: moderncvstyleclassic 2006/05/02 v0.4 modern curriculum vitae style: ca
sual

! LaTeX Error: Missing \begin{document}.

See the LaTeX manual or LaTeX Companion for explanation.
Type  H <return>  for immediate help.
 ...                                              
                                                  
l.19 \newif\if@
               color\@colortrue
? 
! Emergency stop.
 ...                                              
                                                  
l.19 \newif\if@
               color\@colortrue
You're in trouble here.  Try typing  <return>  to proceed.
If that doesn't work, type  X <return>  to quit.

 
Here is how much of TeX's memory you used:
 11 strings out of 95420
 320 string characters out of 1187322
 44877 words of memory out of 1048577
 3259 multiletter control sequences out of 60000
 3640 words of font info for 14 fonts, out of 1000000 for 2000
 14 hyphenation exceptions out of 8191
 7i,0n,5p,126b,14s stack positions out of 5000i,500n,10000p,200000b,32768s
No pages of output.
